
**** Build of configuration Debug for project empty_am64x-sk_a53ss0-0_freertos_gcc-aarch64 ****

/home/pops/ti/ccs1230/ccs/utils/bin/gmake -k -j 8 all -O 
 
Building file: "../example.syscfg"
Invoking: SysConfig
"/home/pops/ti/sysconfig_1_14_0/sysconfig_cli.sh" -s "/home/pops/ti/mcu_plus_sdk_am64x_08_06_00_43/.metadata/product.json" --script "/home/pops/MicroControllers/Beaglebone64_Prus/empty_am64x-sk_a53ss0-0_freertos_gcc-aarch64/example.syscfg" --context "a53ss0-0" -o "syscfg" --part Default --package ALV --compiler gcc
Running script...
Validating...
Generating Code (example.syscfg)...
Writing /home/pops/MicroControllers/Beaglebone64_Prus/empty_am64x-sk_a53ss0-0_freertos_gcc-aarch64/Debug/syscfg/ti_dpl_config.c...
Writing /home/pops/MicroControllers/Beaglebone64_Prus/empty_am64x-sk_a53ss0-0_freertos_gcc-aarch64/Debug/syscfg/ti_dpl_config.h...
Writing /home/pops/MicroControllers/Beaglebone64_Prus/empty_am64x-sk_a53ss0-0_freertos_gcc-aarch64/Debug/syscfg/ti_drivers_config.c...
Writing /home/pops/MicroControllers/Beaglebone64_Prus/empty_am64x-sk_a53ss0-0_freertos_gcc-aarch64/Debug/syscfg/ti_drivers_config.h...
Writing /home/pops/MicroControllers/Beaglebone64_Prus/empty_am64x-sk_a53ss0-0_freertos_gcc-aarch64/Debug/syscfg/ti_drivers_open_close.c...
Writing /home/pops/MicroControllers/Beaglebone64_Prus/empty_am64x-sk_a53ss0-0_freertos_gcc-aarch64/Debug/syscfg/ti_drivers_open_close.h...
Writing /home/pops/MicroControllers/Beaglebone64_Prus/empty_am64x-sk_a53ss0-0_freertos_gcc-aarch64/Debug/syscfg/ti_pinmux_config.c...
Writing /home/pops/MicroControllers/Beaglebone64_Prus/empty_am64x-sk_a53ss0-0_freertos_gcc-aarch64/Debug/syscfg/ti_power_clock_config.c...
Writing /home/pops/MicroControllers/Beaglebone64_Prus/empty_am64x-sk_a53ss0-0_freertos_gcc-aarch64/Debug/syscfg/ti_board_config.c...
Writing /home/pops/MicroControllers/Beaglebone64_Prus/empty_am64x-sk_a53ss0-0_freertos_gcc-aarch64/Debug/syscfg/ti_board_config.h...
Writing /home/pops/MicroControllers/Beaglebone64_Prus/empty_am64x-sk_a53ss0-0_freertos_gcc-aarch64/Debug/syscfg/ti_board_open_close.c...
Writing /home/pops/MicroControllers/Beaglebone64_Prus/empty_am64x-sk_a53ss0-0_freertos_gcc-aarch64/Debug/syscfg/ti_board_open_close.h...
Writing /home/pops/MicroControllers/Beaglebone64_Prus/empty_am64x-sk_a53ss0-0_freertos_gcc-aarch64/Debug/syscfg/ti_enet_config.c...
Writing /home/pops/MicroControllers/Beaglebone64_Prus/empty_am64x-sk_a53ss0-0_freertos_gcc-aarch64/Debug/syscfg/ti_enet_config.h...
Writing /home/pops/MicroControllers/Beaglebone64_Prus/empty_am64x-sk_a53ss0-0_freertos_gcc-aarch64/Debug/syscfg/ti_enet_open_close.c...
Writing /home/pops/MicroControllers/Beaglebone64_Prus/empty_am64x-sk_a53ss0-0_freertos_gcc-aarch64/Debug/syscfg/ti_enet_open_close.h...
Writing /home/pops/MicroControllers/Beaglebone64_Prus/empty_am64x-sk_a53ss0-0_freertos_gcc-aarch64/Debug/syscfg/ti_enet_soc.c...
Writing /home/pops/MicroControllers/Beaglebone64_Prus/empty_am64x-sk_a53ss0-0_freertos_gcc-aarch64/Debug/syscfg/ti_enet_lwipif.c...
Writing /home/pops/MicroControllers/Beaglebone64_Prus/empty_am64x-sk_a53ss0-0_freertos_gcc-aarch64/Debug/syscfg/ti_enet_lwipif.h...
Writing /home/pops/MicroControllers/Beaglebone64_Prus/empty_am64x-sk_a53ss0-0_freertos_gcc-aarch64/Debug/syscfg/ti_pru_io_config.inc...
Finished building: "../example.syscfg"
 
Building file: "syscfg/ti_pinmux_config.c"
Invoking: GNU Compiler
"/home/pops/ti/gcc-arm-aarch64-none-eabi_9_2_1/bin/aarch64-none-elf-gcc-9.2.1" -c -mcpu=cortex-a53+fp+simd -DSOC_AM64X -D_DEBUG_=1 -I"/home/pops/MicroControllers/Beaglebone64_Prus/empty_am64x-sk_a53ss0-0_freertos_gcc-aarch64" -I"/home/pops/ti/mcu_plus_sdk_am64x_08_06_00_43/source" -I"/home/pops/ti/mcu_plus_sdk_am64x_08_06_00_43/source/kernel/freertos/FreeRTOS-Kernel/include" -I"/home/pops/ti/mcu_plus_sdk_am64x_08_06_00_43/source/kernel/freertos/portable/GCC/ARM_CA53" -I"/home/pops/ti/mcu_plus_sdk_am64x_08_06_00_43/source/kernel/freertos/config/am64x/a53" -I"/home/pops/ti/gcc-arm-aarch64-none-eabi_9_2_1/aarch64-none-elf/include" -Og -ffunction-sections -fdata-sections -g -gdwarf-3 -gstrict-dwarf -Wall -Werror -mabi=lp64 -mcmodel=large -mstrict-align -mfix-cortex-a53-835769 -mfix-cortex-a53-843419 -Wno-int-to-pointer-cast -Wno-pointer-to-int-cast -Wno-unused-but-set-variable -MMD -MP -MF"syscfg/ti_pinmux_config.d_raw" -MT"syscfg/ti_pinmux_config.o" -I"/home/pops/MicroControllers/Beaglebone64_Prus/empty_am64x-sk_a53ss0-0_freertos_gcc-aarch64/Debug/syscfg"   -o"syscfg/ti_pinmux_config.o" "syscfg/ti_pinmux_config.c"
Finished building: "syscfg/ti_pinmux_config.c"
 
Building file: "../empty.c"
Invoking: GNU Compiler
"/home/pops/ti/gcc-arm-aarch64-none-eabi_9_2_1/bin/aarch64-none-elf-gcc-9.2.1" -c -mcpu=cortex-a53+fp+simd -DSOC_AM64X -D_DEBUG_=1 -I"/home/pops/MicroControllers/Beaglebone64_Prus/empty_am64x-sk_a53ss0-0_freertos_gcc-aarch64" -I"/home/pops/ti/mcu_plus_sdk_am64x_08_06_00_43/source" -I"/home/pops/ti/mcu_plus_sdk_am64x_08_06_00_43/source/kernel/freertos/FreeRTOS-Kernel/include" -I"/home/pops/ti/mcu_plus_sdk_am64x_08_06_00_43/source/kernel/freertos/portable/GCC/ARM_CA53" -I"/home/pops/ti/mcu_plus_sdk_am64x_08_06_00_43/source/kernel/freertos/config/am64x/a53" -I"/home/pops/ti/gcc-arm-aarch64-none-eabi_9_2_1/aarch64-none-elf/include" -Og -ffunction-sections -fdata-sections -g -gdwarf-3 -gstrict-dwarf -Wall -Werror -mabi=lp64 -mcmodel=large -mstrict-align -mfix-cortex-a53-835769 -mfix-cortex-a53-843419 -Wno-int-to-pointer-cast -Wno-pointer-to-int-cast -Wno-unused-but-set-variable -MMD -MP -MF"empty.d_raw" -MT"empty.o" -I"/home/pops/MicroControllers/Beaglebone64_Prus/empty_am64x-sk_a53ss0-0_freertos_gcc-aarch64/Debug/syscfg"   -o"empty.o" "../empty.c"
Finished building: "../empty.c"
 
Building file: "syscfg/ti_dpl_config.c"
Invoking: GNU Compiler
"/home/pops/ti/gcc-arm-aarch64-none-eabi_9_2_1/bin/aarch64-none-elf-gcc-9.2.1" -c -mcpu=cortex-a53+fp+simd -DSOC_AM64X -D_DEBUG_=1 -I"/home/pops/MicroControllers/Beaglebone64_Prus/empty_am64x-sk_a53ss0-0_freertos_gcc-aarch64" -I"/home/pops/ti/mcu_plus_sdk_am64x_08_06_00_43/source" -I"/home/pops/ti/mcu_plus_sdk_am64x_08_06_00_43/source/kernel/freertos/FreeRTOS-Kernel/include" -I"/home/pops/ti/mcu_plus_sdk_am64x_08_06_00_43/source/kernel/freertos/portable/GCC/ARM_CA53" -I"/home/pops/ti/mcu_plus_sdk_am64x_08_06_00_43/source/kernel/freertos/config/am64x/a53" -I"/home/pops/ti/gcc-arm-aarch64-none-eabi_9_2_1/aarch64-none-elf/include" -Og -ffunction-sections -fdata-sections -g -gdwarf-3 -gstrict-dwarf -Wall -Werror -mabi=lp64 -mcmodel=large -mstrict-align -mfix-cortex-a53-835769 -mfix-cortex-a53-843419 -Wno-int-to-pointer-cast -Wno-pointer-to-int-cast -Wno-unused-but-set-variable -MMD -MP -MF"syscfg/ti_dpl_config.d_raw" -MT"syscfg/ti_dpl_config.o" -I"/home/pops/MicroControllers/Beaglebone64_Prus/empty_am64x-sk_a53ss0-0_freertos_gcc-aarch64/Debug/syscfg"   -o"syscfg/ti_dpl_config.o" "syscfg/ti_dpl_config.c"
Finished building: "syscfg/ti_dpl_config.c"
 
Building file: "syscfg/ti_drivers_config.c"
Invoking: GNU Compiler
"/home/pops/ti/gcc-arm-aarch64-none-eabi_9_2_1/bin/aarch64-none-elf-gcc-9.2.1" -c -mcpu=cortex-a53+fp+simd -DSOC_AM64X -D_DEBUG_=1 -I"/home/pops/MicroControllers/Beaglebone64_Prus/empty_am64x-sk_a53ss0-0_freertos_gcc-aarch64" -I"/home/pops/ti/mcu_plus_sdk_am64x_08_06_00_43/source" -I"/home/pops/ti/mcu_plus_sdk_am64x_08_06_00_43/source/kernel/freertos/FreeRTOS-Kernel/include" -I"/home/pops/ti/mcu_plus_sdk_am64x_08_06_00_43/source/kernel/freertos/portable/GCC/ARM_CA53" -I"/home/pops/ti/mcu_plus_sdk_am64x_08_06_00_43/source/kernel/freertos/config/am64x/a53" -I"/home/pops/ti/gcc-arm-aarch64-none-eabi_9_2_1/aarch64-none-elf/include" -Og -ffunction-sections -fdata-sections -g -gdwarf-3 -gstrict-dwarf -Wall -Werror -mabi=lp64 -mcmodel=large -mstrict-align -mfix-cortex-a53-835769 -mfix-cortex-a53-843419 -Wno-int-to-pointer-cast -Wno-pointer-to-int-cast -Wno-unused-but-set-variable -MMD -MP -MF"syscfg/ti_drivers_config.d_raw" -MT"syscfg/ti_drivers_config.o" -I"/home/pops/MicroControllers/Beaglebone64_Prus/empty_am64x-sk_a53ss0-0_freertos_gcc-aarch64/Debug/syscfg"   -o"syscfg/ti_drivers_config.o" "syscfg/ti_drivers_config.c"
Finished building: "syscfg/ti_drivers_config.c"
 
Building file: "syscfg/ti_drivers_open_close.c"
Invoking: GNU Compiler
"/home/pops/ti/gcc-arm-aarch64-none-eabi_9_2_1/bin/aarch64-none-elf-gcc-9.2.1" -c -mcpu=cortex-a53+fp+simd -DSOC_AM64X -D_DEBUG_=1 -I"/home/pops/MicroControllers/Beaglebone64_Prus/empty_am64x-sk_a53ss0-0_freertos_gcc-aarch64" -I"/home/pops/ti/mcu_plus_sdk_am64x_08_06_00_43/source" -I"/home/pops/ti/mcu_plus_sdk_am64x_08_06_00_43/source/kernel/freertos/FreeRTOS-Kernel/include" -I"/home/pops/ti/mcu_plus_sdk_am64x_08_06_00_43/source/kernel/freertos/portable/GCC/ARM_CA53" -I"/home/pops/ti/mcu_plus_sdk_am64x_08_06_00_43/source/kernel/freertos/config/am64x/a53" -I"/home/pops/ti/gcc-arm-aarch64-none-eabi_9_2_1/aarch64-none-elf/include" -Og -ffunction-sections -fdata-sections -g -gdwarf-3 -gstrict-dwarf -Wall -Werror -mabi=lp64 -mcmodel=large -mstrict-align -mfix-cortex-a53-835769 -mfix-cortex-a53-843419 -Wno-int-to-pointer-cast -Wno-pointer-to-int-cast -Wno-unused-but-set-variable -MMD -MP -MF"syscfg/ti_drivers_open_close.d_raw" -MT"syscfg/ti_drivers_open_close.o" -I"/home/pops/MicroControllers/Beaglebone64_Prus/empty_am64x-sk_a53ss0-0_freertos_gcc-aarch64/Debug/syscfg"   -o"syscfg/ti_drivers_open_close.o" "syscfg/ti_drivers_open_close.c"
Finished building: "syscfg/ti_drivers_open_close.c"
 
Building file: "syscfg/ti_power_clock_config.c"
Invoking: GNU Compiler
"/home/pops/ti/gcc-arm-aarch64-none-eabi_9_2_1/bin/aarch64-none-elf-gcc-9.2.1" -c -mcpu=cortex-a53+fp+simd -DSOC_AM64X -D_DEBUG_=1 -I"/home/pops/MicroControllers/Beaglebone64_Prus/empty_am64x-sk_a53ss0-0_freertos_gcc-aarch64" -I"/home/pops/ti/mcu_plus_sdk_am64x_08_06_00_43/source" -I"/home/pops/ti/mcu_plus_sdk_am64x_08_06_00_43/source/kernel/freertos/FreeRTOS-Kernel/include" -I"/home/pops/ti/mcu_plus_sdk_am64x_08_06_00_43/source/kernel/freertos/portable/GCC/ARM_CA53" -I"/home/pops/ti/mcu_plus_sdk_am64x_08_06_00_43/source/kernel/freertos/config/am64x/a53" -I"/home/pops/ti/gcc-arm-aarch64-none-eabi_9_2_1/aarch64-none-elf/include" -Og -ffunction-sections -fdata-sections -g -gdwarf-3 -gstrict-dwarf -Wall -Werror -mabi=lp64 -mcmodel=large -mstrict-align -mfix-cortex-a53-835769 -mfix-cortex-a53-843419 -Wno-int-to-pointer-cast -Wno-pointer-to-int-cast -Wno-unused-but-set-variable -MMD -MP -MF"syscfg/ti_power_clock_config.d_raw" -MT"syscfg/ti_power_clock_config.o" -I"/home/pops/MicroControllers/Beaglebone64_Prus/empty_am64x-sk_a53ss0-0_freertos_gcc-aarch64/Debug/syscfg"   -o"syscfg/ti_power_clock_config.o" "syscfg/ti_power_clock_config.c"
Finished building: "syscfg/ti_power_clock_config.c"
 
Building file: "syscfg/ti_board_config.c"
Invoking: GNU Compiler
"/home/pops/ti/gcc-arm-aarch64-none-eabi_9_2_1/bin/aarch64-none-elf-gcc-9.2.1" -c -mcpu=cortex-a53+fp+simd -DSOC_AM64X -D_DEBUG_=1 -I"/home/pops/MicroControllers/Beaglebone64_Prus/empty_am64x-sk_a53ss0-0_freertos_gcc-aarch64" -I"/home/pops/ti/mcu_plus_sdk_am64x_08_06_00_43/source" -I"/home/pops/ti/mcu_plus_sdk_am64x_08_06_00_43/source/kernel/freertos/FreeRTOS-Kernel/include" -I"/home/pops/ti/mcu_plus_sdk_am64x_08_06_00_43/source/kernel/freertos/portable/GCC/ARM_CA53" -I"/home/pops/ti/mcu_plus_sdk_am64x_08_06_00_43/source/kernel/freertos/config/am64x/a53" -I"/home/pops/ti/gcc-arm-aarch64-none-eabi_9_2_1/aarch64-none-elf/include" -Og -ffunction-sections -fdata-sections -g -gdwarf-3 -gstrict-dwarf -Wall -Werror -mabi=lp64 -mcmodel=large -mstrict-align -mfix-cortex-a53-835769 -mfix-cortex-a53-843419 -Wno-int-to-pointer-cast -Wno-pointer-to-int-cast -Wno-unused-but-set-variable -MMD -MP -MF"syscfg/ti_board_config.d_raw" -MT"syscfg/ti_board_config.o" -I"/home/pops/MicroControllers/Beaglebone64_Prus/empty_am64x-sk_a53ss0-0_freertos_gcc-aarch64/Debug/syscfg"   -o"syscfg/ti_board_config.o" "syscfg/ti_board_config.c"
Finished building: "syscfg/ti_board_config.c"
 
Building file: "syscfg/ti_board_open_close.c"
Invoking: GNU Compiler
"/home/pops/ti/gcc-arm-aarch64-none-eabi_9_2_1/bin/aarch64-none-elf-gcc-9.2.1" -c -mcpu=cortex-a53+fp+simd -DSOC_AM64X -D_DEBUG_=1 -I"/home/pops/MicroControllers/Beaglebone64_Prus/empty_am64x-sk_a53ss0-0_freertos_gcc-aarch64" -I"/home/pops/ti/mcu_plus_sdk_am64x_08_06_00_43/source" -I"/home/pops/ti/mcu_plus_sdk_am64x_08_06_00_43/source/kernel/freertos/FreeRTOS-Kernel/include" -I"/home/pops/ti/mcu_plus_sdk_am64x_08_06_00_43/source/kernel/freertos/portable/GCC/ARM_CA53" -I"/home/pops/ti/mcu_plus_sdk_am64x_08_06_00_43/source/kernel/freertos/config/am64x/a53" -I"/home/pops/ti/gcc-arm-aarch64-none-eabi_9_2_1/aarch64-none-elf/include" -Og -ffunction-sections -fdata-sections -g -gdwarf-3 -gstrict-dwarf -Wall -Werror -mabi=lp64 -mcmodel=large -mstrict-align -mfix-cortex-a53-835769 -mfix-cortex-a53-843419 -Wno-int-to-pointer-cast -Wno-pointer-to-int-cast -Wno-unused-but-set-variable -MMD -MP -MF"syscfg/ti_board_open_close.d_raw" -MT"syscfg/ti_board_open_close.o" -I"/home/pops/MicroControllers/Beaglebone64_Prus/empty_am64x-sk_a53ss0-0_freertos_gcc-aarch64/Debug/syscfg"   -o"syscfg/ti_board_open_close.o" "syscfg/ti_board_open_close.c"
Finished building: "syscfg/ti_board_open_close.c"
 
Building file: "syscfg/ti_enet_open_close.c"
Invoking: GNU Compiler
"/home/pops/ti/gcc-arm-aarch64-none-eabi_9_2_1/bin/aarch64-none-elf-gcc-9.2.1" -c -mcpu=cortex-a53+fp+simd -DSOC_AM64X -D_DEBUG_=1 -I"/home/pops/MicroControllers/Beaglebone64_Prus/empty_am64x-sk_a53ss0-0_freertos_gcc-aarch64" -I"/home/pops/ti/mcu_plus_sdk_am64x_08_06_00_43/source" -I"/home/pops/ti/mcu_plus_sdk_am64x_08_06_00_43/source/kernel/freertos/FreeRTOS-Kernel/include" -I"/home/pops/ti/mcu_plus_sdk_am64x_08_06_00_43/source/kernel/freertos/portable/GCC/ARM_CA53" -I"/home/pops/ti/mcu_plus_sdk_am64x_08_06_00_43/source/kernel/freertos/config/am64x/a53" -I"/home/pops/ti/gcc-arm-aarch64-none-eabi_9_2_1/aarch64-none-elf/include" -Og -ffunction-sections -fdata-sections -g -gdwarf-3 -gstrict-dwarf -Wall -Werror -mabi=lp64 -mcmodel=large -mstrict-align -mfix-cortex-a53-835769 -mfix-cortex-a53-843419 -Wno-int-to-pointer-cast -Wno-pointer-to-int-cast -Wno-unused-but-set-variable -MMD -MP -MF"syscfg/ti_enet_open_close.d_raw" -MT"syscfg/ti_enet_open_close.o" -I"/home/pops/MicroControllers/Beaglebone64_Prus/empty_am64x-sk_a53ss0-0_freertos_gcc-aarch64/Debug/syscfg"   -o"syscfg/ti_enet_open_close.o" "syscfg/ti_enet_open_close.c"
Finished building: "syscfg/ti_enet_open_close.c"
 
Building file: "syscfg/ti_enet_config.c"
Invoking: GNU Compiler
"/home/pops/ti/gcc-arm-aarch64-none-eabi_9_2_1/bin/aarch64-none-elf-gcc-9.2.1" -c -mcpu=cortex-a53+fp+simd -DSOC_AM64X -D_DEBUG_=1 -I"/home/pops/MicroControllers/Beaglebone64_Prus/empty_am64x-sk_a53ss0-0_freertos_gcc-aarch64" -I"/home/pops/ti/mcu_plus_sdk_am64x_08_06_00_43/source" -I"/home/pops/ti/mcu_plus_sdk_am64x_08_06_00_43/source/kernel/freertos/FreeRTOS-Kernel/include" -I"/home/pops/ti/mcu_plus_sdk_am64x_08_06_00_43/source/kernel/freertos/portable/GCC/ARM_CA53" -I"/home/pops/ti/mcu_plus_sdk_am64x_08_06_00_43/source/kernel/freertos/config/am64x/a53" -I"/home/pops/ti/gcc-arm-aarch64-none-eabi_9_2_1/aarch64-none-elf/include" -Og -ffunction-sections -fdata-sections -g -gdwarf-3 -gstrict-dwarf -Wall -Werror -mabi=lp64 -mcmodel=large -mstrict-align -mfix-cortex-a53-835769 -mfix-cortex-a53-843419 -Wno-int-to-pointer-cast -Wno-pointer-to-int-cast -Wno-unused-but-set-variable -MMD -MP -MF"syscfg/ti_enet_config.d_raw" -MT"syscfg/ti_enet_config.o" -I"/home/pops/MicroControllers/Beaglebone64_Prus/empty_am64x-sk_a53ss0-0_freertos_gcc-aarch64/Debug/syscfg"   -o"syscfg/ti_enet_config.o" "syscfg/ti_enet_config.c"
Finished building: "syscfg/ti_enet_config.c"
 
Building file: "syscfg/ti_enet_soc.c"
Invoking: GNU Compiler
"/home/pops/ti/gcc-arm-aarch64-none-eabi_9_2_1/bin/aarch64-none-elf-gcc-9.2.1" -c -mcpu=cortex-a53+fp+simd -DSOC_AM64X -D_DEBUG_=1 -I"/home/pops/MicroControllers/Beaglebone64_Prus/empty_am64x-sk_a53ss0-0_freertos_gcc-aarch64" -I"/home/pops/ti/mcu_plus_sdk_am64x_08_06_00_43/source" -I"/home/pops/ti/mcu_plus_sdk_am64x_08_06_00_43/source/kernel/freertos/FreeRTOS-Kernel/include" -I"/home/pops/ti/mcu_plus_sdk_am64x_08_06_00_43/source/kernel/freertos/portable/GCC/ARM_CA53" -I"/home/pops/ti/mcu_plus_sdk_am64x_08_06_00_43/source/kernel/freertos/config/am64x/a53" -I"/home/pops/ti/gcc-arm-aarch64-none-eabi_9_2_1/aarch64-none-elf/include" -Og -ffunction-sections -fdata-sections -g -gdwarf-3 -gstrict-dwarf -Wall -Werror -mabi=lp64 -mcmodel=large -mstrict-align -mfix-cortex-a53-835769 -mfix-cortex-a53-843419 -Wno-int-to-pointer-cast -Wno-pointer-to-int-cast -Wno-unused-but-set-variable -MMD -MP -MF"syscfg/ti_enet_soc.d_raw" -MT"syscfg/ti_enet_soc.o" -I"/home/pops/MicroControllers/Beaglebone64_Prus/empty_am64x-sk_a53ss0-0_freertos_gcc-aarch64/Debug/syscfg"   -o"syscfg/ti_enet_soc.o" "syscfg/ti_enet_soc.c"
Finished building: "syscfg/ti_enet_soc.c"
 
Building file: "syscfg/ti_enet_lwipif.c"
Invoking: GNU Compiler
"/home/pops/ti/gcc-arm-aarch64-none-eabi_9_2_1/bin/aarch64-none-elf-gcc-9.2.1" -c -mcpu=cortex-a53+fp+simd -DSOC_AM64X -D_DEBUG_=1 -I"/home/pops/MicroControllers/Beaglebone64_Prus/empty_am64x-sk_a53ss0-0_freertos_gcc-aarch64" -I"/home/pops/ti/mcu_plus_sdk_am64x_08_06_00_43/source" -I"/home/pops/ti/mcu_plus_sdk_am64x_08_06_00_43/source/kernel/freertos/FreeRTOS-Kernel/include" -I"/home/pops/ti/mcu_plus_sdk_am64x_08_06_00_43/source/kernel/freertos/portable/GCC/ARM_CA53" -I"/home/pops/ti/mcu_plus_sdk_am64x_08_06_00_43/source/kernel/freertos/config/am64x/a53" -I"/home/pops/ti/gcc-arm-aarch64-none-eabi_9_2_1/aarch64-none-elf/include" -Og -ffunction-sections -fdata-sections -g -gdwarf-3 -gstrict-dwarf -Wall -Werror -mabi=lp64 -mcmodel=large -mstrict-align -mfix-cortex-a53-835769 -mfix-cortex-a53-843419 -Wno-int-to-pointer-cast -Wno-pointer-to-int-cast -Wno-unused-but-set-variable -MMD -MP -MF"syscfg/ti_enet_lwipif.d_raw" -MT"syscfg/ti_enet_lwipif.o" -I"/home/pops/MicroControllers/Beaglebone64_Prus/empty_am64x-sk_a53ss0-0_freertos_gcc-aarch64/Debug/syscfg"   -o"syscfg/ti_enet_lwipif.o" "syscfg/ti_enet_lwipif.c"
Finished building: "syscfg/ti_enet_lwipif.c"
 
Building file: "../main.c"
Invoking: GNU Compiler
"/home/pops/ti/gcc-arm-aarch64-none-eabi_9_2_1/bin/aarch64-none-elf-gcc-9.2.1" -c -mcpu=cortex-a53+fp+simd -DSOC_AM64X -D_DEBUG_=1 -I"/home/pops/MicroControllers/Beaglebone64_Prus/empty_am64x-sk_a53ss0-0_freertos_gcc-aarch64" -I"/home/pops/ti/mcu_plus_sdk_am64x_08_06_00_43/source" -I"/home/pops/ti/mcu_plus_sdk_am64x_08_06_00_43/source/kernel/freertos/FreeRTOS-Kernel/include" -I"/home/pops/ti/mcu_plus_sdk_am64x_08_06_00_43/source/kernel/freertos/portable/GCC/ARM_CA53" -I"/home/pops/ti/mcu_plus_sdk_am64x_08_06_00_43/source/kernel/freertos/config/am64x/a53" -I"/home/pops/ti/gcc-arm-aarch64-none-eabi_9_2_1/aarch64-none-elf/include" -Og -ffunction-sections -fdata-sections -g -gdwarf-3 -gstrict-dwarf -Wall -Werror -mabi=lp64 -mcmodel=large -mstrict-align -mfix-cortex-a53-835769 -mfix-cortex-a53-843419 -Wno-int-to-pointer-cast -Wno-pointer-to-int-cast -Wno-unused-but-set-variable -MMD -MP -MF"main.d_raw" -MT"main.o" -I"/home/pops/MicroControllers/Beaglebone64_Prus/empty_am64x-sk_a53ss0-0_freertos_gcc-aarch64/Debug/syscfg"   -o"main.o" "../main.c"
Finished building: "../main.c"
 
Building target: "empty_am64x-sk_a53ss0-0_freertos_gcc-aarch64.out"
Invoking: GNU Linker
"/home/pops/ti/gcc-arm-aarch64-none-eabi_9_2_1/bin/aarch64-none-elf-gcc-9.2.1" -DSOC_AM64X -D_DEBUG_=1 -Og -ffunction-sections -fdata-sections -g -gdwarf-3 -gstrict-dwarf -Wall -Werror -mcmodel=large -mstrict-align -mfix-cortex-a53-835769 -mfix-cortex-a53-843419 -Wno-int-to-pointer-cast -Wno-pointer-to-int-cast -Wno-unused-but-set-variable -mcpu=cortex-a53+fp+simd -Wl,-Map,"empty.Debug.map" -static -Wl,--gc-sections -L"/home/pops/ti/mcu_plus_sdk_am64x_08_06_00_43/source/kernel/freertos/lib" -L"/home/pops/ti/mcu_plus_sdk_am64x_08_06_00_43/source/drivers/lib" -L"/lib" -Wl,--build-id=none -o"empty_am64x-sk_a53ss0-0_freertos_gcc-aarch64.out" "./empty.o" "./syscfg/ti_dpl_config.o" "./syscfg/ti_drivers_config.o" "./syscfg/ti_drivers_open_close.o" "./syscfg/ti_pinmux_config.o" "./syscfg/ti_power_clock_config.o" "./syscfg/ti_board_config.o" "./syscfg/ti_board_open_close.o" "./syscfg/ti_enet_config.o" "./syscfg/ti_enet_open_close.o" "./syscfg/ti_enet_soc.o" "./syscfg/ti_enet_lwipif.o" "./main.o" -Wl,-T"../linker.cmd"  -Wl,--start-group -lstdc++ -lgcc -lm -lrdimon -l:freertos.am64x.a53.gcc-aarch64.debug.lib -l:drivers.am64x.a53.gcc-aarch64.debug.lib -lc -Wl,--end-group 
makefile:153: recipe for target 'empty_am64x-sk_a53ss0-0_freertos_gcc-aarch64.out' failed
/home/pops/ti/gcc-arm-aarch64-none-eabi_9_2_1/bin/../lib/gcc/aarch64-none-elf/9.2.1/../../../../aarch64-none-elf/bin/ld: /home/pops/ti/gcc-arm-aarch64-none-eabi_9_2_1/bin/../libexec/gcc/aarch64-none-elf/9.2.1/liblto_plugin.so: error loading plugin: /home/pops/ti/gcc-arm-aarch64-none-eabi_9_2_1/bin/../libexec/gcc/aarch64-none-elf/9.2.1/liblto_plugin.so: file too short
collect2: error: ld returned 1 exit status
gmake[1]: *** [empty_am64x-sk_a53ss0-0_freertos_gcc-aarch64.out] Error 1
gmake: *** [all] Error 2
makefile:149: recipe for target 'all' failed

**** Build Finished ****
